WARNING:py.warnings:/home/tethys/tethys/src/tethys_apps/urls.py:30: RemovedInDjango20Warning:

Specifying a namespace in django.conf.urls.include() without providing an app_name is deprecated. Set the app_name attribute in the included module, or pass a 2-tuple containing the list of patterns and app_name instead.


WARNING:py.warnings:/home/tethys/tethys/src/tethys_apps/urls.py:30: RemovedInDjango20Warning:

Specifying a namespace in django.conf.urls.include() without providing an app_name is deprecated. Set the app_name attribute in the included module, or pass a 2-tuple containing the list of patterns and app_name instead.


WARNING:py.warnings:/home/tethys/tethys/src/tethys_apps/urls.py:30: RemovedInDjango20Warning:

Specifying a namespace in django.conf.urls.include() without providing an app_name is deprecated. Set the app_name attribute in the included module, or pass a 2-tuple containing the list of patterns and app_name instead.


WARNING:py.warnings:/home/tethys/tethys/src/tethys_apps/urls.py:30: RemovedInDjango20Warning:

Specifying a namespace in django.conf.urls.include() without providing an app_name is deprecated. Set the app_name attribute in the included module, or pass a 2-tuple containing the list of patterns and app_name instead.


WARNING:py.warnings:/home/tethys/tethys/miniconda/envs/tethys/lib/python2.7/site-packages/termsandconditions/migrations/0001_initial.py:39: RemovedInDjango20Warning:

on_delete will be a required arg for ForeignKey in Django 2.0. Set it to models.CASCADE on models and in existing migrations if you want to maintain the current default behavior. See https://docs.djangoproject.com/en/1.11/ref/models/fields/#django.db.models.ForeignKey.on_delete


WARNING:py.warnings:/home/tethys/tethys/miniconda/envs/tethys/lib/python2.7/site-packages/termsandconditions/migrations/0001_initial.py:40: RemovedInDjango20Warning:

on_delete will be a required arg for ForeignKey in Django 2.0. Set it to models.CASCADE on models and in existing migrations if you want to maintain the current default behavior. See https://docs.djangoproject.com/en/1.11/ref/models/fields/#django.db.models.ForeignKey.on_delete


WARNING:py.warnings:/home/tethys/tethys/src/tethys_config/migrations/0001_initial.py:38: RemovedInDjango20Warning:

on_delete will be a required arg for ForeignKey in Django 2.0. Set it to models.CASCADE on models and in existing migrations if you want to maintain the current default behavior. See https://docs.djangoproject.com/en/1.11/ref/models/fields/#django.db.models.ForeignKey.on_delete


WARNING:py.warnings:/home/tethys/tethys/src/tethys_compute/migrations/0001_initial.py:76: RemovedInDjango20Warning:

on_delete will be a required arg for OneToOneField in Django 2.0. Set it to models.CASCADE on models and in existing migrations if you want to maintain the current default behavior. See https://docs.djangoproject.com/en/1.11/ref/models/fields/#django.db.models.ForeignKey.on_delete


WARNING:py.warnings:/home/tethys/tethys/src/tethys_compute/migrations/0001_initial.py:87: RemovedInDjango20Warning:

on_delete will be a required arg for ForeignKey in Django 2.0. Set it to models.CASCADE on models and in existing migrations if you want to maintain the current default behavior. See https://docs.djangoproject.com/en/1.11/ref/models/fields/#django.db.models.ForeignKey.on_delete


WARNING:py.warnings:/home/tethys/tethys/src/tethys_compute/migrations/0001_initial.py:93: RemovedInDjango20Warning:

on_delete will be a required arg for ForeignKey in Django 2.0. Set it to models.CASCADE on models and in existing migrations if you want to maintain the current default behavior. See https://docs.djangoproject.com/en/1.11/ref/models/fields/#django.db.models.ForeignKey.on_delete


WARNING:py.warnings:/home/tethys/tethys/src/tethys_compute/migrations/0004_auto_20150812_1915.py:18: RemovedInDjango20Warning:

on_delete will be a required arg for OneToOneField in Django 2.0. Set it to models.CASCADE on models and in existing migrations if you want to maintain the current default behavior. See https://docs.djangoproject.com/en/1.11/ref/models/fields/#django.db.models.ForeignKey.on_delete


WARNING:py.warnings:/home/tethys/tethys/src/tethys_compute/migrations/0004_auto_20150812_1915.py:46: RemovedInDjango20Warning:

on_delete will be a required arg for ForeignKey in Django 2.0. Set it to models.CASCADE on models and in existing migrations if you want to maintain the current default behavior. See https://docs.djangoproject.com/en/1.11/ref/models/fields/#django.db.models.ForeignKey.on_delete


WARNING:py.warnings:/home/tethys/tethys/src/tethys_compute/migrations/0004_auto_20150812_1915.py:82: RemovedInDjango20Warning:

on_delete will be a required arg for OneToOneField in Django 2.0. Set it to models.CASCADE on models and in existing migrations if you want to maintain the current default behavior. See https://docs.djangoproject.com/en/1.11/ref/models/fields/#django.db.models.ForeignKey.on_delete


WARNING:py.warnings:/home/tethys/tethys/src/tethys_compute/migrations/0003_auto_20150529_1651.py:89: RemovedInDjango20Warning:

on_delete will be a required arg for OneToOneField in Django 2.0. Set it to models.CASCADE on models and in existing migrations if you want to maintain the current default behavior. See https://docs.djangoproject.com/en/1.11/ref/models/fields/#django.db.models.ForeignKey.on_delete


WARNING:py.warnings:/home/tethys/tethys/src/tethys_compute/migrations/0005_auto_20150914_1712.py:17: RemovedInDjango20Warning:

on_delete will be a required arg for ForeignKey in Django 2.0. Set it to models.CASCADE on models and in existing migrations if you want to maintain the current default behavior. See https://docs.djangoproject.com/en/1.11/ref/models/fields/#django.db.models.ForeignKey.on_delete


WARNING:py.warnings:/home/tethys/tethys/miniconda/envs/tethys/lib/python2.7/site-packages/django/core/handlers/base.py:52: RemovedInDjango20Warning:

Old-style middleware using settings.MIDDLEWARE_CLASSES is deprecated. Update your middleware and use settings.MIDDLEWARE instead.


WARNING:py.warnings:/home/tethys/tethys/miniconda/envs/tethys/lib/python2.7/site-packages/django/core/handlers/base.py:52: RemovedInDjango20Warning:

Old-style middleware using settings.MIDDLEWARE_CLASSES is deprecated. Update your middleware and use settings.MIDDLEWARE instead.


WARNING:py.warnings:/home/tethys/tethys/miniconda/envs/tethys/lib/python2.7/site-packages/session_security/middleware.py:54: RemovedInDjango20Warning:

Using user.is_authenticated() and user.is_anonymous() as a method is deprecated. Remove the parentheses to use it as an attribute.


WARNING:py.warnings:/home/tethys/tethys/miniconda/envs/tethys/lib/python2.7/site-packages/session_security/middleware.py:54: RemovedInDjango20Warning:

Using user.is_authenticated() and user.is_anonymous() as a method is deprecated. Remove the parentheses to use it as an attribute.


WARNING:django.request:Not Found: /apps/tethys_portal/images/default_favicon.png
WARNING:django.server:"GET /apps/tethys_portal/images/default_favicon.png HTTP/1.1" 404 4533
WARNING:py.warnings:/home/tethys/tethys/miniconda/envs/tethys/lib/python2.7/site-packages/session_security/middleware.py:54: RemovedInDjango20Warning:

Using user.is_authenticated() and user.is_anonymous() as a method is deprecated. Remove the parentheses to use it as an attribute.


WARNING:py.warnings:/home/tethys/tethys/miniconda/envs/tethys/lib/python2.7/site-packages/session_security/middleware.py:54: RemovedInDjango20Warning:

Using user.is_authenticated() and user.is_anonymous() as a method is deprecated. Remove the parentheses to use it as an attribute.


WARNING:py.warnings:/home/tethys/tethys/src/tethys_portal/views/accounts.py:24: RemovedInDjango20Warning:

Using user.is_authenticated() and user.is_anonymous() as a method is deprecated. Remove the parentheses to use it as an attribute.


WARNING:py.warnings:/home/tethys/tethys/miniconda/envs/tethys/lib/python2.7/site-packages/social_core/utils.py:107: RemovedInDjango20Warning:

Using user.is_authenticated() and user.is_anonymous() as a method is deprecated. Remove the parentheses to use it as an attribute.


WARNING:py.warnings:/home/tethys/tethys/miniconda/envs/tethys/lib/python2.7/site-packages/session_security/middleware.py:54: RemovedInDjango20Warning:

Using user.is_authenticated() and user.is_anonymous() as a method is deprecated. Remove the parentheses to use it as an attribute.


WARNING:django.request:Not Found: /accounts/login/tethys_portal/images/default_favicon.png
WARNING:django.server:"GET /accounts/login/tethys_portal/images/default_favicon.png HTTP/1.1" 404 4875
WARNING:py.warnings:/home/tethys/tethys/miniconda/envs/tethys/lib/python2.7/site-packages/session_security/middleware.py:54: RemovedInDjango20Warning:

Using user.is_authenticated() and user.is_anonymous() as a method is deprecated. Remove the parentheses to use it as an attribute.


WARNING:py.warnings:/home/tethys/tethys/src/tethys_portal/views/accounts.py:24: RemovedInDjango20Warning:

Using user.is_authenticated() and user.is_anonymous() as a method is deprecated. Remove the parentheses to use it as an attribute.


WARNING:py.warnings:/home/tethys/tethys/miniconda/envs/tethys/lib/python2.7/site-packages/session_security/middleware.py:54: RemovedInDjango20Warning:

Using user.is_authenticated() and user.is_anonymous() as a method is deprecated. Remove the parentheses to use it as an attribute.


WARNING:py.warnings:/home/tethys/tethys/miniconda/envs/tethys/lib/python2.7/site-packages/social_core/utils.py:107: RemovedInDjango20Warning:

Using user.is_authenticated() and user.is_anonymous() as a method is deprecated. Remove the parentheses to use it as an attribute.


WARNING:py.warnings:/home/tethys/tethys/miniconda/envs/tethys/lib/python2.7/site-packages/session_security/middleware.py:54: RemovedInDjango20Warning:

Using user.is_authenticated() and user.is_anonymous() as a method is deprecated. Remove the parentheses to use it as an attribute.


WARNING:django.request:Not Found: /apps/water-watch/tethys_portal/images/default_favicon.png
WARNING:django.server:"GET /apps/water-watch/tethys_portal/images/default_favicon.png HTTP/1.1" 404 4631
WARNING:py.warnings:/home/tethys/tethys/miniconda/envs/tethys/lib/python2.7/site-packages/session_security/middleware.py:54: RemovedInDjango20Warning:

Using user.is_authenticated() and user.is_anonymous() as a method is deprecated. Remove the parentheses to use it as an attribute.


WARNING:py.warnings:/home/tethys/tethys/miniconda/envs/tethys/lib/python2.7/site-packages/session_security/middleware.py:54: RemovedInDjango20Warning:

Using user.is_authenticated() and user.is_anonymous() as a method is deprecated. Remove the parentheses to use it as an attribute.


WARNING:py.warnings:/home/tethys/tethys/miniconda/envs/tethys/lib/python2.7/site-packages/session_security/middleware.py:54: RemovedInDjango20Warning:

Using user.is_authenticated() and user.is_anonymous() as a method is deprecated. Remove the parentheses to use it as an attribute.


WARNING:py.warnings:/home/tethys/tethys/miniconda/envs/tethys/lib/python2.7/site-packages/session_security/middleware.py:54: RemovedInDjango20Warning:

Using user.is_authenticated() and user.is_anonymous() as a method is deprecated. Remove the parentheses to use it as an attribute.


WARNING:py.warnings:/home/tethys/tethys/miniconda/envs/tethys/lib/python2.7/site-packages/session_security/middleware.py:54: RemovedInDjango20Warning:

Using user.is_authenticated() and user.is_anonymous() as a method is deprecated. Remove the parentheses to use it as an attribute.


WARNING:py.warnings:/home/tethys/tethys/src/tethys_portal/views/accounts.py:24: RemovedInDjango20Warning:

Using user.is_authenticated() and user.is_anonymous() as a method is deprecated. Remove the parentheses to use it as an attribute.


WARNING:py.warnings:/home/tethys/tethys/miniconda/envs/tethys/lib/python2.7/site-packages/social_core/utils.py:107: RemovedInDjango20Warning:

Using user.is_authenticated() and user.is_anonymous() as a method is deprecated. Remove the parentheses to use it as an attribute.


